[debug] [2025-02-09T17:17:57.495Z] ----------------------------------------------------------------------
[debug] [2025-02-09T17:17:57.497Z] Command:       C:\Program Files\nodejs\node.exe C:\Users\al3xz\AppData\Roaming\npm\node_modules\firebase-tools\lib\bin\firebase.js deploy --debug
[debug] [2025-02-09T17:17:57.497Z] CLI Version:   13.30.0
[debug] [2025-02-09T17:17:57.497Z] Platform:      win32
[debug] [2025-02-09T17:17:57.497Z] Node Version:  v20.9.0
[debug] [2025-02-09T17:17:57.497Z] Time:          Sun Feb 09 2025 18:17:57 GMT+0100 (Mitteleuropäische Normalzeit)
[debug] [2025-02-09T17:17:57.497Z] ----------------------------------------------------------------------
[debug] 
[debug] [2025-02-09T17:17:57.618Z] > command requires scopes: ["email","openid","https://www.googleapis.com/auth/cloudplatformprojects.readonly","https://www.googleapis.com/auth/firebase","https://www.googleapis.com/auth/cloud-platform"]
[debug] [2025-02-09T17:17:57.619Z] > authorizing via signed-in user (alexreipr@gmail.com)
[debug] [2025-02-09T17:17:57.619Z] [iam] checking project fsr-bingo for permissions ["firebase.projects.get","firebasehosting.sites.update"]
[debug] [2025-02-09T17:17:57.620Z] Checked if tokens are valid: true, expires at: 1739123508165
[debug] [2025-02-09T17:17:57.621Z] Checked if tokens are valid: true, expires at: 1739123508165
[debug] [2025-02-09T17:17:57.621Z] >>> [apiv2][query] POST https://cloudresourcemanager.googleapis.com/v1/projects/fsr-bingo:testIamPermissions [none]
[debug] [2025-02-09T17:17:57.621Z] >>> [apiv2][(partial)header] POST https://cloudresourcemanager.googleapis.com/v1/projects/fsr-bingo:testIamPermissions x-goog-quota-user=projects/fsr-bingo
[debug] [2025-02-09T17:17:57.622Z] >>> [apiv2][body] POST https://cloudresourcemanager.googleapis.com/v1/projects/fsr-bingo:testIamPermissions {"permissions":["firebase.projects.get","firebasehosting.sites.update"]}
[debug] [2025-02-09T17:17:58.389Z] <<< [apiv2][status] POST https://cloudresourcemanager.googleapis.com/v1/projects/fsr-bingo:testIamPermissions 200
[debug] [2025-02-09T17:17:58.390Z] <<< [apiv2][body] POST https://cloudresourcemanager.googleapis.com/v1/projects/fsr-bingo:testIamPermissions {"permissions":["firebase.projects.get","firebasehosting.sites.update"]}
[debug] [2025-02-09T17:17:58.390Z] Checked if tokens are valid: true, expires at: 1739123508165
[debug] [2025-02-09T17:17:58.390Z] Checked if tokens are valid: true, expires at: 1739123508165
[debug] [2025-02-09T17:17:58.391Z] >>> [apiv2][query] GET https://firebase.googleapis.com/v1beta1/projects/fsr-bingo [none]
[debug] [2025-02-09T17:17:58.729Z] <<< [apiv2][status] GET https://firebase.googleapis.com/v1beta1/projects/fsr-bingo 200
[debug] [2025-02-09T17:17:58.729Z] <<< [apiv2][body] GET https://firebase.googleapis.com/v1beta1/projects/fsr-bingo {"projectId":"fsr-bingo","projectNumber":"983238781700","displayName":"fsr-bingo","name":"projects/fsr-bingo","resources":{"hostingSite":"fsr-bingo"},"state":"ACTIVE","etag":"1_d622d8e2-a5c8-4176-b3f9-c3699b4e08f3"}
[info] 
[info] === Deploying to 'fsr-bingo'...
[info] 
[info] i  deploying hosting 
[info] Running command: npx webpack
[debug] [2025-02-09T17:19:14.017Z] ----------------------------------------------------------------------
[debug] [2025-02-09T17:19:14.019Z] Command:       C:\Program Files\nodejs\node.exe C:\Users\al3xz\AppData\Roaming\npm\node_modules\firebase-tools\lib\bin\firebase.js deploy --debug
[debug] [2025-02-09T17:19:14.019Z] CLI Version:   13.30.0
[debug] [2025-02-09T17:19:14.019Z] Platform:      win32
[debug] [2025-02-09T17:19:14.019Z] Node Version:  v20.9.0
[debug] [2025-02-09T17:19:14.019Z] Time:          Sun Feb 09 2025 18:19:14 GMT+0100 (Mitteleuropäische Normalzeit)
[debug] [2025-02-09T17:19:14.019Z] ----------------------------------------------------------------------
[debug] 
[debug] [2025-02-09T17:19:14.128Z] > command requires scopes: ["email","openid","https://www.googleapis.com/auth/cloudplatformprojects.readonly","https://www.googleapis.com/auth/firebase","https://www.googleapis.com/auth/cloud-platform"]
[debug] [2025-02-09T17:19:14.129Z] > authorizing via signed-in user (alexreipr@gmail.com)
[debug] [2025-02-09T17:19:14.129Z] [iam] checking project fsr-bingo for permissions ["firebase.projects.get","firebasehosting.sites.update"]
[debug] [2025-02-09T17:19:14.130Z] Checked if tokens are valid: true, expires at: 1739123508165
[debug] [2025-02-09T17:19:14.130Z] Checked if tokens are valid: true, expires at: 1739123508165
[debug] [2025-02-09T17:19:14.131Z] >>> [apiv2][query] POST https://cloudresourcemanager.googleapis.com/v1/projects/fsr-bingo:testIamPermissions [none]
[debug] [2025-02-09T17:19:14.131Z] >>> [apiv2][(partial)header] POST https://cloudresourcemanager.googleapis.com/v1/projects/fsr-bingo:testIamPermissions x-goog-quota-user=projects/fsr-bingo
[debug] [2025-02-09T17:19:14.131Z] >>> [apiv2][body] POST https://cloudresourcemanager.googleapis.com/v1/projects/fsr-bingo:testIamPermissions {"permissions":["firebase.projects.get","firebasehosting.sites.update"]}
[debug] [2025-02-09T17:19:14.842Z] <<< [apiv2][status] POST https://cloudresourcemanager.googleapis.com/v1/projects/fsr-bingo:testIamPermissions 200
[debug] [2025-02-09T17:19:14.842Z] <<< [apiv2][body] POST https://cloudresourcemanager.googleapis.com/v1/projects/fsr-bingo:testIamPermissions {"permissions":["firebase.projects.get","firebasehosting.sites.update"]}
[debug] [2025-02-09T17:19:14.843Z] Checked if tokens are valid: true, expires at: 1739123508165
[debug] [2025-02-09T17:19:14.843Z] Checked if tokens are valid: true, expires at: 1739123508165
[debug] [2025-02-09T17:19:14.843Z] >>> [apiv2][query] GET https://firebase.googleapis.com/v1beta1/projects/fsr-bingo [none]
[debug] [2025-02-09T17:19:15.183Z] <<< [apiv2][status] GET https://firebase.googleapis.com/v1beta1/projects/fsr-bingo 200
[debug] [2025-02-09T17:19:15.183Z] <<< [apiv2][body] GET https://firebase.googleapis.com/v1beta1/projects/fsr-bingo {"projectId":"fsr-bingo","projectNumber":"983238781700","displayName":"fsr-bingo","name":"projects/fsr-bingo","resources":{"hostingSite":"fsr-bingo"},"state":"ACTIVE","etag":"1_d622d8e2-a5c8-4176-b3f9-c3699b4e08f3"}
[info] 
[info] === Deploying to 'fsr-bingo'...
[info] 
[info] i  deploying hosting 
[info] Running command: webpack
[error] 
[error] Error: hosting predeploy error: Command terminated with non-zero exit code 1
[debug] [2025-02-09T17:19:26.945Z] ----------------------------------------------------------------------
[debug] [2025-02-09T17:19:26.947Z] Command:       C:\Program Files\nodejs\node.exe C:\Users\al3xz\AppData\Roaming\npm\node_modules\firebase-tools\lib\bin\firebase.js deploy --debug
[debug] [2025-02-09T17:19:26.947Z] CLI Version:   13.30.0
[debug] [2025-02-09T17:19:26.947Z] Platform:      win32
[debug] [2025-02-09T17:19:26.947Z] Node Version:  v20.9.0
[debug] [2025-02-09T17:19:26.947Z] Time:          Sun Feb 09 2025 18:19:26 GMT+0100 (Mitteleuropäische Normalzeit)
[debug] [2025-02-09T17:19:26.947Z] ----------------------------------------------------------------------
[debug] 
[debug] [2025-02-09T17:19:27.056Z] > command requires scopes: ["email","openid","https://www.googleapis.com/auth/cloudplatformprojects.readonly","https://www.googleapis.com/auth/firebase","https://www.googleapis.com/auth/cloud-platform"]
[debug] [2025-02-09T17:19:27.057Z] > authorizing via signed-in user (alexreipr@gmail.com)
[debug] [2025-02-09T17:19:27.057Z] [iam] checking project fsr-bingo for permissions ["firebase.projects.get","firebasehosting.sites.update"]
[debug] [2025-02-09T17:19:27.058Z] Checked if tokens are valid: true, expires at: 1739123508165
[debug] [2025-02-09T17:19:27.058Z] Checked if tokens are valid: true, expires at: 1739123508165
[debug] [2025-02-09T17:19:27.059Z] >>> [apiv2][query] POST https://cloudresourcemanager.googleapis.com/v1/projects/fsr-bingo:testIamPermissions [none]
[debug] [2025-02-09T17:19:27.059Z] >>> [apiv2][(partial)header] POST https://cloudresourcemanager.googleapis.com/v1/projects/fsr-bingo:testIamPermissions x-goog-quota-user=projects/fsr-bingo
[debug] [2025-02-09T17:19:27.059Z] >>> [apiv2][body] POST https://cloudresourcemanager.googleapis.com/v1/projects/fsr-bingo:testIamPermissions {"permissions":["firebase.projects.get","firebasehosting.sites.update"]}
[debug] [2025-02-09T17:19:27.789Z] <<< [apiv2][status] POST https://cloudresourcemanager.googleapis.com/v1/projects/fsr-bingo:testIamPermissions 200
[debug] [2025-02-09T17:19:27.790Z] <<< [apiv2][body] POST https://cloudresourcemanager.googleapis.com/v1/projects/fsr-bingo:testIamPermissions {"permissions":["firebase.projects.get","firebasehosting.sites.update"]}
[debug] [2025-02-09T17:19:27.790Z] Checked if tokens are valid: true, expires at: 1739123508165
[debug] [2025-02-09T17:19:27.790Z] Checked if tokens are valid: true, expires at: 1739123508165
[debug] [2025-02-09T17:19:27.790Z] >>> [apiv2][query] GET https://firebase.googleapis.com/v1beta1/projects/fsr-bingo [none]
[debug] [2025-02-09T17:19:28.090Z] <<< [apiv2][status] GET https://firebase.googleapis.com/v1beta1/projects/fsr-bingo 200
[debug] [2025-02-09T17:19:28.091Z] <<< [apiv2][body] GET https://firebase.googleapis.com/v1beta1/projects/fsr-bingo {"projectId":"fsr-bingo","projectNumber":"983238781700","displayName":"fsr-bingo","name":"projects/fsr-bingo","resources":{"hostingSite":"fsr-bingo"},"state":"ACTIVE","etag":"1_d622d8e2-a5c8-4176-b3f9-c3699b4e08f3"}
[info] 
[info] === Deploying to 'fsr-bingo'...
[info] 
[info] i  deploying hosting 
[info] Running command: npx webpack
[info] +  hosting: Finished running predeploy script. 
[debug] [2025-02-09T17:19:32.251Z] Checked if tokens are valid: true, expires at: 1739123508165
[debug] [2025-02-09T17:19:32.252Z] Checked if tokens are valid: true, expires at: 1739123508165
[debug] [2025-02-09T17:19:32.252Z] >>> [apiv2][query] POST https://firebasehosting.googleapis.com/v1beta1/projects/-/sites/fsr-bingo/versions [none]
[debug] [2025-02-09T17:19:32.252Z] >>> [apiv2][body] POST https://firebasehosting.googleapis.com/v1beta1/projects/-/sites/fsr-bingo/versions {"status":"CREATED","labels":{"deployment-tool":"cli-firebase"}}
[debug] [2025-02-09T17:19:34.005Z] <<< [apiv2][status] POST https://firebasehosting.googleapis.com/v1beta1/projects/-/sites/fsr-bingo/versions 200
[debug] [2025-02-09T17:19:34.005Z] <<< [apiv2][body] POST https://firebasehosting.googleapis.com/v1beta1/projects/-/sites/fsr-bingo/versions {"name":"projects/983238781700/sites/fsr-bingo/versions/2f8a960593ae35c2","status":"CREATED","config":{},"labels":{"deployment-tool":"cli-firebase"}}
[info] i  hosting[fsr-bingo]: beginning deploy... 
[info] i  hosting[fsr-bingo]: found 4 files in public 
[debug] [2025-02-09T17:19:34.014Z] [hosting] uploading with 200 concurrency
[debug] [2025-02-09T17:19:34.016Z] Checked if tokens are valid: true, expires at: 1739123508165
[debug] [2025-02-09T17:19:34.016Z] Checked if tokens are valid: true, expires at: 1739123508165
[debug] [2025-02-09T17:19:34.017Z] [hosting] hash cache [cHVibGlj] stored for 4 files
[debug] [2025-02-09T17:19:34.017Z] [hosting][hash queue][FINAL] {"max":1,"min":0,"avg":0,"active":0,"complete":4,"success":4,"errored":0,"retried":0,"total":4,"elapsed":2}
[debug] [2025-02-09T17:19:34.018Z] >>> [apiv2][query] POST https://firebasehosting.googleapis.com/v1beta1/projects/983238781700/sites/fsr-bingo/versions/2f8a960593ae35c2:populateFiles [none]
[debug] [2025-02-09T17:19:34.018Z] >>> [apiv2][body] POST https://firebasehosting.googleapis.com/v1beta1/projects/983238781700/sites/fsr-bingo/versions/2f8a960593ae35c2:populateFiles {"files":{"/submit.html":"ae2deeed368e2eba86cf9961637c3324825f5748f509a7b9c56d9182868d415c","/index.html":"c6935d6e9551f27658c36c907687954bd5f2dc242e465570dfb96c12d54c7520","/bingo.html":"273797a3a15a562797da096b05ef111715f89c74bedc350269467da2da88d5d6","/404.html":"b342097c1356f70159a3af7147611868cf46fd4e3766d31062f50f33838e2dad"}}
[debug] [2025-02-09T17:19:34.571Z] <<< [apiv2][status] POST https://firebasehosting.googleapis.com/v1beta1/projects/983238781700/sites/fsr-bingo/versions/2f8a960593ae35c2:populateFiles 200
[debug] [2025-02-09T17:19:34.571Z] <<< [apiv2][body] POST https://firebasehosting.googleapis.com/v1beta1/projects/983238781700/sites/fsr-bingo/versions/2f8a960593ae35c2:populateFiles {"uploadUrl":"https://upload-firebasehosting.googleapis.com/upload/sites/fsr-bingo/versions/2f8a960593ae35c2/files"}
[debug] [2025-02-09T17:19:34.572Z] [hosting][populate queue][FINAL] {"max":556,"min":556,"avg":556,"active":0,"complete":1,"success":1,"errored":0,"retried":0,"total":1,"elapsed":556}
[debug] [2025-02-09T17:19:34.572Z] [hosting] uploads queued: 0
[debug] [2025-02-09T17:19:34.572Z] [hosting][upload queue][FINAL] {"max":0,"min":9999999999,"avg":0,"active":0,"complete":0,"success":0,"errored":0,"retried":0,"total":0,"elapsed":1739121574572}
[info] i  hosting: upload complete 
[info] +  hosting[fsr-bingo]: file upload complete 
[debug] [2025-02-09T17:19:34.572Z] [hosting] deploy completed after 565ms
[debug] [2025-02-09T17:19:34.572Z] [
  {
    "config": {
      "public": "public",
      "ignore": [
        "firebase.json",
        "**/.*",
        "**/node_modules/**"
      ],
      "predeploy": [
        "npx webpack"
      ],
      "site": "fsr-bingo"
    },
    "version": "projects/983238781700/sites/fsr-bingo/versions/2f8a960593ae35c2"
  }
]
[info] i  hosting[fsr-bingo]: finalizing version... 
[debug] [2025-02-09T17:19:34.573Z] Checked if tokens are valid: true, expires at: 1739123508165
[debug] [2025-02-09T17:19:34.573Z] Checked if tokens are valid: true, expires at: 1739123508165
[debug] [2025-02-09T17:19:34.574Z] >>> [apiv2][query] PATCH https://firebasehosting.googleapis.com/v1beta1/projects/-/sites/fsr-bingo/versions/2f8a960593ae35c2 updateMask=status%2Cconfig
[debug] [2025-02-09T17:19:34.574Z] >>> [apiv2][body] PATCH https://firebasehosting.googleapis.com/v1beta1/projects/-/sites/fsr-bingo/versions/2f8a960593ae35c2 {"status":"FINALIZED","config":{}}
[debug] [2025-02-09T17:19:35.247Z] <<< [apiv2][status] PATCH https://firebasehosting.googleapis.com/v1beta1/projects/-/sites/fsr-bingo/versions/2f8a960593ae35c2 200
[debug] [2025-02-09T17:19:35.247Z] <<< [apiv2][body] PATCH https://firebasehosting.googleapis.com/v1beta1/projects/-/sites/fsr-bingo/versions/2f8a960593ae35c2 {"name":"projects/983238781700/sites/fsr-bingo/versions/2f8a960593ae35c2","status":"FINALIZED","config":{},"labels":{"deployment-tool":"cli-firebase"},"createTime":"2025-02-09T17:19:33.513986Z","createUser":{"email":"alexreipr@gmail.com"},"finalizeTime":"2025-02-09T17:19:35.398109Z","finalizeUser":{"email":"alexreipr@gmail.com"}}
[debug] [2025-02-09T17:19:35.247Z] [hosting] finalized version for fsr-bingo:[object Object]
[info] +  hosting[fsr-bingo]: version finalized 
[info] i  hosting[fsr-bingo]: releasing new version... 
[debug] [2025-02-09T17:19:35.248Z] Checked if tokens are valid: true, expires at: 1739123508165
[debug] [2025-02-09T17:19:35.248Z] Checked if tokens are valid: true, expires at: 1739123508165
[debug] [2025-02-09T17:19:35.248Z] >>> [apiv2][query] POST https://firebasehosting.googleapis.com/v1beta1/projects/-/sites/fsr-bingo/channels/live/releases versionName=projects%2F983238781700%2Fsites%2Ffsr-bingo%2Fversions%2F2f8a960593ae35c2
[debug] [2025-02-09T17:19:35.248Z] >>> [apiv2][body] POST https://firebasehosting.googleapis.com/v1beta1/projects/-/sites/fsr-bingo/channels/live/releases {}
[debug] [2025-02-09T17:19:35.957Z] <<< [apiv2][status] POST https://firebasehosting.googleapis.com/v1beta1/projects/-/sites/fsr-bingo/channels/live/releases 200
[debug] [2025-02-09T17:24:01.083Z] ----------------------------------------------------------------------
[debug] [2025-02-09T17:24:01.085Z] Command:       C:\Program Files\nodejs\node.exe C:\Users\al3xz\AppData\Roaming\npm\node_modules\firebase-tools\lib\bin\firebase.js deploy --debug
[debug] [2025-02-09T17:24:01.085Z] CLI Version:   13.30.0
[debug] [2025-02-09T17:24:01.085Z] Platform:      win32
[debug] [2025-02-09T17:24:01.085Z] Node Version:  v20.9.0
[debug] [2025-02-09T17:24:01.085Z] Time:          Sun Feb 09 2025 18:24:01 GMT+0100 (Mitteleuropäische Normalzeit)
[debug] [2025-02-09T17:24:01.085Z] ----------------------------------------------------------------------
[debug] 
[debug] [2025-02-09T17:24:01.194Z] > command requires scopes: ["email","openid","https://www.googleapis.com/auth/cloudplatformprojects.readonly","https://www.googleapis.com/auth/firebase","https://www.googleapis.com/auth/cloud-platform"]
[debug] [2025-02-09T17:24:01.194Z] > authorizing via signed-in user (alexreipr@gmail.com)
[debug] [2025-02-09T17:24:01.195Z] [iam] checking project fsr-bingo for permissions ["firebase.projects.get","firebasehosting.sites.update"]
[debug] [2025-02-09T17:24:01.195Z] Checked if tokens are valid: true, expires at: 1739123508165
[debug] [2025-02-09T17:24:01.195Z] Checked if tokens are valid: true, expires at: 1739123508165
[debug] [2025-02-09T17:24:01.196Z] >>> [apiv2][query] POST https://cloudresourcemanager.googleapis.com/v1/projects/fsr-bingo:testIamPermissions [none]
[debug] [2025-02-09T17:24:01.196Z] >>> [apiv2][(partial)header] POST https://cloudresourcemanager.googleapis.com/v1/projects/fsr-bingo:testIamPermissions x-goog-quota-user=projects/fsr-bingo
[debug] [2025-02-09T17:24:01.196Z] >>> [apiv2][body] POST https://cloudresourcemanager.googleapis.com/v1/projects/fsr-bingo:testIamPermissions {"permissions":["firebase.projects.get","firebasehosting.sites.update"]}
[debug] [2025-02-09T17:24:01.966Z] <<< [apiv2][status] POST https://cloudresourcemanager.googleapis.com/v1/projects/fsr-bingo:testIamPermissions 200
[debug] [2025-02-09T17:24:01.966Z] <<< [apiv2][body] POST https://cloudresourcemanager.googleapis.com/v1/projects/fsr-bingo:testIamPermissions {"permissions":["firebase.projects.get","firebasehosting.sites.update"]}
[debug] [2025-02-09T17:24:01.966Z] Checked if tokens are valid: true, expires at: 1739123508165
[debug] [2025-02-09T17:24:01.966Z] Checked if tokens are valid: true, expires at: 1739123508165
[debug] [2025-02-09T17:24:01.967Z] >>> [apiv2][query] GET https://firebase.googleapis.com/v1beta1/projects/fsr-bingo [none]
[debug] [2025-02-09T17:24:02.287Z] <<< [apiv2][status] GET https://firebase.googleapis.com/v1beta1/projects/fsr-bingo 200
[debug] [2025-02-09T17:24:02.287Z] <<< [apiv2][body] GET https://firebase.googleapis.com/v1beta1/projects/fsr-bingo {"projectId":"fsr-bingo","projectNumber":"983238781700","displayName":"fsr-bingo","name":"projects/fsr-bingo","resources":{"hostingSite":"fsr-bingo"},"state":"ACTIVE","etag":"1_d622d8e2-a5c8-4176-b3f9-c3699b4e08f3"}
[info] 
[info] === Deploying to 'fsr-bingo'...
[info] 
[info] i  deploying hosting 
[info] Running command: npx webpack
[info] +  hosting: Finished running predeploy script. 
[debug] [2025-02-09T17:24:06.349Z] Checked if tokens are valid: true, expires at: 1739123508165
[debug] [2025-02-09T17:24:06.349Z] Checked if tokens are valid: true, expires at: 1739123508165
[debug] [2025-02-09T17:24:06.349Z] >>> [apiv2][query] POST https://firebasehosting.googleapis.com/v1beta1/projects/-/sites/fsr-bingo/versions [none]
[debug] [2025-02-09T17:24:06.350Z] >>> [apiv2][body] POST https://firebasehosting.googleapis.com/v1beta1/projects/-/sites/fsr-bingo/versions {"status":"CREATED","labels":{"deployment-tool":"cli-firebase"}}
[debug] [2025-02-09T17:24:07.879Z] <<< [apiv2][status] POST https://firebasehosting.googleapis.com/v1beta1/projects/-/sites/fsr-bingo/versions 200
[debug] [2025-02-09T17:24:07.879Z] <<< [apiv2][body] POST https://firebasehosting.googleapis.com/v1beta1/projects/-/sites/fsr-bingo/versions {"name":"projects/983238781700/sites/fsr-bingo/versions/c06ce6f25de7963e","status":"CREATED","config":{},"labels":{"deployment-tool":"cli-firebase"}}
[info] i  hosting[fsr-bingo]: beginning deploy... 
[info] i  hosting[fsr-bingo]: found 8 files in public 
[debug] [2025-02-09T17:24:07.890Z] [hosting] uploading with 200 concurrency
[debug] [2025-02-09T17:24:07.904Z] Checked if tokens are valid: true, expires at: 1739123508165
[debug] [2025-02-09T17:24:07.904Z] Checked if tokens are valid: true, expires at: 1739123508165
[debug] [2025-02-09T17:24:07.905Z] [hosting] hash cache [cHVibGlj] stored for 8 files
[debug] [2025-02-09T17:24:07.905Z] [hosting][hash queue][FINAL] {"max":12,"min":0,"avg":3.5,"active":0,"complete":8,"success":8,"errored":0,"retried":0,"total":8,"elapsed":14}
[debug] [2025-02-09T17:24:07.905Z] >>> [apiv2][query] POST https://firebasehosting.googleapis.com/v1beta1/projects/983238781700/sites/fsr-bingo/versions/c06ce6f25de7963e:populateFiles [none]
[debug] [2025-02-09T17:24:07.905Z] >>> [apiv2][body] POST https://firebasehosting.googleapis.com/v1beta1/projects/983238781700/sites/fsr-bingo/versions/c06ce6f25de7963e:populateFiles {"files":{"/404.html":"b342097c1356f70159a3af7147611868cf46fd4e3766d31062f50f33838e2dad","/submit.html":"3572a336f7112dba466b994c0d4658e96bab50c76ad41f14b29a3d214ff0e199","/index.html":"0e2495b0aa89d7d7a566a070c614231d79401ee1fd44b2ba7e657cad1df90519","/bundle.js.LICENSE.txt":"898d25599a4bfdd9fdc08b0b415ea98b88d6583dee449f9efa6d1fb2e8e8b505","/bingo.html":"9ed9b3619aec5ed838b2a984695dcdcf5326e482c7d3f910a17cc687206a3c83","/style/home.css":"e99ff75fca353459b0304ec09499025db453f89e14a963545779910074053f29","/style/bingo.css":"35e5e0e684fba6a9990a69a4d5c3355ad1f5937bd53e0ce22645aac48adc8455","/bundle.js":"7394d365195529e7f8a8f752abf2558715c8ee46ae8ecff64e355a61161ffe90"}}
[debug] [2025-02-09T17:24:08.472Z] <<< [apiv2][status] POST https://firebasehosting.googleapis.com/v1beta1/projects/983238781700/sites/fsr-bingo/versions/c06ce6f25de7963e:populateFiles 200
[debug] [2025-02-09T17:24:08.473Z] <<< [apiv2][body] POST https://firebasehosting.googleapis.com/v1beta1/projects/983238781700/sites/fsr-bingo/versions/c06ce6f25de7963e:populateFiles {"uploadRequiredHashes":["e99ff75fca353459b0304ec09499025db453f89e14a963545779910074053f29","35e5e0e684fba6a9990a69a4d5c3355ad1f5937bd53e0ce22645aac48adc8455","7394d365195529e7f8a8f752abf2558715c8ee46ae8ecff64e355a61161ffe90","3572a336f7112dba466b994c0d4658e96bab50c76ad41f14b29a3d214ff0e199","0e2495b0aa89d7d7a566a070c614231d79401ee1fd44b2ba7e657cad1df90519","898d25599a4bfdd9fdc08b0b415ea98b88d6583dee449f9efa6d1fb2e8e8b505","9ed9b3619aec5ed838b2a984695dcdcf5326e482c7d3f910a17cc687206a3c83"],"uploadUrl":"https://upload-firebasehosting.googleapis.com/upload/sites/fsr-bingo/versions/c06ce6f25de7963e/files"}
[debug] [2025-02-09T17:24:08.473Z] Checked if tokens are valid: true, expires at: 1739123508165
[debug] [2025-02-09T17:24:08.473Z] Checked if tokens are valid: true, expires at: 1739123508165
[debug] [2025-02-09T17:24:08.474Z] Checked if tokens are valid: true, expires at: 1739123508165
[debug] [2025-02-09T17:24:08.474Z] Checked if tokens are valid: true, expires at: 1739123508165
[debug] [2025-02-09T17:24:08.474Z] Checked if tokens are valid: true, expires at: 1739123508165
[debug] [2025-02-09T17:24:08.474Z] Checked if tokens are valid: true, expires at: 1739123508165
[debug] [2025-02-09T17:24:08.474Z] Checked if tokens are valid: true, expires at: 1739123508165
[debug] [2025-02-09T17:24:08.475Z] Checked if tokens are valid: true, expires at: 1739123508165
[debug] [2025-02-09T17:24:08.475Z] Checked if tokens are valid: true, expires at: 1739123508165
[debug] [2025-02-09T17:24:08.475Z] Checked if tokens are valid: true, expires at: 1739123508165
[debug] [2025-02-09T17:24:08.475Z] Checked if tokens are valid: true, expires at: 1739123508165
[debug] [2025-02-09T17:24:08.476Z] Checked if tokens are valid: true, expires at: 1739123508165
[debug] [2025-02-09T17:24:08.476Z] Checked if tokens are valid: true, expires at: 1739123508165
[debug] [2025-02-09T17:24:08.476Z] Checked if tokens are valid: true, expires at: 1739123508165
[debug] [2025-02-09T17:24:08.476Z] >>> [apiv2][query] POST https://upload-firebasehosting.googleapis.com/upload/sites/fsr-bingo/versions/c06ce6f25de7963e/files/e99ff75fca353459b0304ec09499025db453f89e14a963545779910074053f29 [none]
[debug] [2025-02-09T17:24:08.476Z] >>> [apiv2][body] POST https://upload-firebasehosting.googleapis.com/upload/sites/fsr-bingo/versions/c06ce6f25de7963e/files/e99ff75fca353459b0304ec09499025db453f89e14a963545779910074053f29 [stream]
[debug] [2025-02-09T17:24:08.478Z] >>> [apiv2][query] POST https://upload-firebasehosting.googleapis.com/upload/sites/fsr-bingo/versions/c06ce6f25de7963e/files/35e5e0e684fba6a9990a69a4d5c3355ad1f5937bd53e0ce22645aac48adc8455 [none]
[debug] [2025-02-09T17:24:08.478Z] >>> [apiv2][body] POST https://upload-firebasehosting.googleapis.com/upload/sites/fsr-bingo/versions/c06ce6f25de7963e/files/35e5e0e684fba6a9990a69a4d5c3355ad1f5937bd53e0ce22645aac48adc8455 [stream]
[debug] [2025-02-09T17:24:08.479Z] >>> [apiv2][query] POST https://upload-firebasehosting.googleapis.com/upload/sites/fsr-bingo/versions/c06ce6f25de7963e/files/7394d365195529e7f8a8f752abf2558715c8ee46ae8ecff64e355a61161ffe90 [none]
[debug] [2025-02-09T17:24:08.479Z] >>> [apiv2][body] POST https://upload-firebasehosting.googleapis.com/upload/sites/fsr-bingo/versions/c06ce6f25de7963e/files/7394d365195529e7f8a8f752abf2558715c8ee46ae8ecff64e355a61161ffe90 [stream]
[debug] [2025-02-09T17:24:08.480Z] >>> [apiv2][query] POST https://upload-firebasehosting.googleapis.com/upload/sites/fsr-bingo/versions/c06ce6f25de7963e/files/3572a336f7112dba466b994c0d4658e96bab50c76ad41f14b29a3d214ff0e199 [none]
[debug] [2025-02-09T17:24:08.480Z] >>> [apiv2][body] POST https://upload-firebasehosting.googleapis.com/upload/sites/fsr-bingo/versions/c06ce6f25de7963e/files/3572a336f7112dba466b994c0d4658e96bab50c76ad41f14b29a3d214ff0e199 [stream]
[debug] [2025-02-09T17:24:08.481Z] >>> [apiv2][query] POST https://upload-firebasehosting.googleapis.com/upload/sites/fsr-bingo/versions/c06ce6f25de7963e/files/0e2495b0aa89d7d7a566a070c614231d79401ee1fd44b2ba7e657cad1df90519 [none]
[debug] [2025-02-09T17:24:08.481Z] >>> [apiv2][body] POST https://upload-firebasehosting.googleapis.com/upload/sites/fsr-bingo/versions/c06ce6f25de7963e/files/0e2495b0aa89d7d7a566a070c614231d79401ee1fd44b2ba7e657cad1df90519 [stream]
[debug] [2025-02-09T17:24:08.482Z] >>> [apiv2][query] POST https://upload-firebasehosting.googleapis.com/upload/sites/fsr-bingo/versions/c06ce6f25de7963e/files/898d25599a4bfdd9fdc08b0b415ea98b88d6583dee449f9efa6d1fb2e8e8b505 [none]
[debug] [2025-02-09T17:24:08.482Z] >>> [apiv2][body] POST https://upload-firebasehosting.googleapis.com/upload/sites/fsr-bingo/versions/c06ce6f25de7963e/files/898d25599a4bfdd9fdc08b0b415ea98b88d6583dee449f9efa6d1fb2e8e8b505 [stream]
[debug] [2025-02-09T17:24:08.483Z] >>> [apiv2][query] POST https://upload-firebasehosting.googleapis.com/upload/sites/fsr-bingo/versions/c06ce6f25de7963e/files/9ed9b3619aec5ed838b2a984695dcdcf5326e482c7d3f910a17cc687206a3c83 [none]
[debug] [2025-02-09T17:24:08.483Z] >>> [apiv2][body] POST https://upload-firebasehosting.googleapis.com/upload/sites/fsr-bingo/versions/c06ce6f25de7963e/files/9ed9b3619aec5ed838b2a984695dcdcf5326e482c7d3f910a17cc687206a3c83 [stream]
[debug] [2025-02-09T17:24:08.484Z] [hosting][populate queue][FINAL] {"max":572,"min":572,"avg":572,"active":0,"complete":1,"success":1,"errored":0,"retried":0,"total":1,"elapsed":580}
[debug] [2025-02-09T17:24:08.485Z] [hosting] uploads queued: 7
[info] i  hosting: uploading new files [0/7] (0%) 
[debug] [2025-02-09T17:24:09.992Z] <<< [apiv2][status] POST https://upload-firebasehosting.googleapis.com/upload/sites/fsr-bingo/versions/c06ce6f25de7963e/files/0e2495b0aa89d7d7a566a070c614231d79401ee1fd44b2ba7e657cad1df90519 200
[debug] [2025-02-09T17:24:09.993Z] <<< [apiv2][body] POST https://upload-firebasehosting.googleapis.com/upload/sites/fsr-bingo/versions/c06ce6f25de7963e/files/0e2495b0aa89d7d7a566a070c614231d79401ee1fd44b2ba7e657cad1df90519 [stream]
[debug] [2025-02-09T17:24:10.146Z] <<< [apiv2][status] POST https://upload-firebasehosting.googleapis.com/upload/sites/fsr-bingo/versions/c06ce6f25de7963e/files/3572a336f7112dba466b994c0d4658e96bab50c76ad41f14b29a3d214ff0e199 200
[debug] [2025-02-09T17:24:10.146Z] <<< [apiv2][body] POST https://upload-firebasehosting.googleapis.com/upload/sites/fsr-bingo/versions/c06ce6f25de7963e/files/3572a336f7112dba466b994c0d4658e96bab50c76ad41f14b29a3d214ff0e199 [stream]
[debug] [2025-02-09T17:24:10.201Z] <<< [apiv2][status] POST https://upload-firebasehosting.googleapis.com/upload/sites/fsr-bingo/versions/c06ce6f25de7963e/files/898d25599a4bfdd9fdc08b0b415ea98b88d6583dee449f9efa6d1fb2e8e8b505 200
[debug] [2025-02-09T17:24:10.202Z] <<< [apiv2][body] POST https://upload-firebasehosting.googleapis.com/upload/sites/fsr-bingo/versions/c06ce6f25de7963e/files/898d25599a4bfdd9fdc08b0b415ea98b88d6583dee449f9efa6d1fb2e8e8b505 [stream]
[debug] [2025-02-09T17:24:10.304Z] <<< [apiv2][status] POST https://upload-firebasehosting.googleapis.com/upload/sites/fsr-bingo/versions/c06ce6f25de7963e/files/9ed9b3619aec5ed838b2a984695dcdcf5326e482c7d3f910a17cc687206a3c83 200
[debug] [2025-02-09T17:24:10.304Z] <<< [apiv2][body] POST https://upload-firebasehosting.googleapis.com/upload/sites/fsr-bingo/versions/c06ce6f25de7963e/files/9ed9b3619aec5ed838b2a984695dcdcf5326e482c7d3f910a17cc687206a3c83 [stream]
[debug] [2025-02-09T17:24:10.312Z] <<< [apiv2][status] POST https://upload-firebasehosting.googleapis.com/upload/sites/fsr-bingo/versions/c06ce6f25de7963e/files/7394d365195529e7f8a8f752abf2558715c8ee46ae8ecff64e355a61161ffe90 200
[debug] [2025-02-09T17:24:10.312Z] <<< [apiv2][body] POST https://upload-firebasehosting.googleapis.com/upload/sites/fsr-bingo/versions/c06ce6f25de7963e/files/7394d365195529e7f8a8f752abf2558715c8ee46ae8ecff64e355a61161ffe90 [stream]
[debug] [2025-02-09T17:24:10.314Z] <<< [apiv2][status] POST https://upload-firebasehosting.googleapis.com/upload/sites/fsr-bingo/versions/c06ce6f25de7963e/files/e99ff75fca353459b0304ec09499025db453f89e14a963545779910074053f29 200
[debug] [2025-02-09T17:24:10.314Z] <<< [apiv2][body] POST https://upload-firebasehosting.googleapis.com/upload/sites/fsr-bingo/versions/c06ce6f25de7963e/files/e99ff75fca353459b0304ec09499025db453f89e14a963545779910074053f29 [stream]
[debug] [2025-02-09T17:24:10.382Z] <<< [apiv2][status] POST https://upload-firebasehosting.googleapis.com/upload/sites/fsr-bingo/versions/c06ce6f25de7963e/files/35e5e0e684fba6a9990a69a4d5c3355ad1f5937bd53e0ce22645aac48adc8455 200
[debug] [2025-02-09T17:24:10.382Z] <<< [apiv2][body] POST https://upload-firebasehosting.googleapis.com/upload/sites/fsr-bingo/versions/c06ce6f25de7963e/files/35e5e0e684fba6a9990a69a4d5c3355ad1f5937bd53e0ce22645aac48adc8455 [stream]
[debug] [2025-02-09T17:24:10.382Z] [hosting][upload queue][FINAL] {"max":1908,"min":1518,"avg":1761.857142857143,"active":0,"complete":7,"success":7,"errored":0,"retried":0,"total":7,"elapsed":1909}
[info] i  hosting: upload complete 
[info] +  hosting[fsr-bingo]: file upload complete 
[debug] [2025-02-09T17:24:10.383Z] [hosting] deploy completed after 2502ms
[debug] [2025-02-09T17:24:10.383Z] [
  {
    "config": {
      "public": "public",
      "ignore": [
        "firebase.json",
        "**/.*",
        "**/node_modules/**"
      ],
      "predeploy": [
        "npx webpack"
      ],
      "site": "fsr-bingo"
    },
    "version": "projects/983238781700/sites/fsr-bingo/versions/c06ce6f25de7963e"
  }
]
[info] i  hosting[fsr-bingo]: finalizing version... 
[debug] [2025-02-09T17:24:10.384Z] Checked if tokens are valid: true, expires at: 1739123508165
[debug] [2025-02-09T17:24:10.384Z] Checked if tokens are valid: true, expires at: 1739123508165
[debug] [2025-02-09T17:24:10.384Z] >>> [apiv2][query] PATCH https://firebasehosting.googleapis.com/v1beta1/projects/-/sites/fsr-bingo/versions/c06ce6f25de7963e updateMask=status%2Cconfig
[debug] [2025-02-09T17:24:10.385Z] >>> [apiv2][body] PATCH https://firebasehosting.googleapis.com/v1beta1/projects/-/sites/fsr-bingo/versions/c06ce6f25de7963e {"status":"FINALIZED","config":{}}
[debug] [2025-02-09T17:24:10.985Z] <<< [apiv2][status] PATCH https://firebasehosting.googleapis.com/v1beta1/projects/-/sites/fsr-bingo/versions/c06ce6f25de7963e 200
[debug] [2025-02-09T17:24:10.986Z] <<< [apiv2][body] PATCH https://firebasehosting.googleapis.com/v1beta1/projects/-/sites/fsr-bingo/versions/c06ce6f25de7963e {"name":"projects/983238781700/sites/fsr-bingo/versions/c06ce6f25de7963e","status":"FINALIZED","config":{},"labels":{"deployment-tool":"cli-firebase"},"createTime":"2025-02-09T17:24:07.551581Z","createUser":{"email":"alexreipr@gmail.com"},"finalizeTime":"2025-02-09T17:24:11.151264Z","finalizeUser":{"email":"alexreipr@gmail.com"}}
[debug] [2025-02-09T17:24:10.986Z] [hosting] finalized version for fsr-bingo:[object Object]
[info] +  hosting[fsr-bingo]: version finalized 
[info] i  hosting[fsr-bingo]: releasing new version... 
[debug] [2025-02-09T17:24:10.986Z] Checked if tokens are valid: true, expires at: 1739123508165
[debug] [2025-02-09T17:24:10.987Z] Checked if tokens are valid: true, expires at: 1739123508165
[debug] [2025-02-09T17:24:10.987Z] >>> [apiv2][query] POST https://firebasehosting.googleapis.com/v1beta1/projects/-/sites/fsr-bingo/channels/live/releases versionName=projects%2F983238781700%2Fsites%2Ffsr-bingo%2Fversions%2Fc06ce6f25de7963e
[debug] [2025-02-09T17:24:10.987Z] >>> [apiv2][body] POST https://firebasehosting.googleapis.com/v1beta1/projects/-/sites/fsr-bingo/channels/live/releases {}
[debug] [2025-02-09T17:24:11.606Z] <<< [apiv2][status] POST https://firebasehosting.googleapis.com/v1beta1/projects/-/sites/fsr-bingo/channels/live/releases 200
[debug] [2025-02-09T17:33:57.787Z] ----------------------------------------------------------------------
[debug] [2025-02-09T17:33:57.788Z] Command:       C:\Program Files\nodejs\node.exe C:\Users\al3xz\AppData\Roaming\npm\node_modules\firebase-tools\lib\bin\firebase.js deploy --debug
[debug] [2025-02-09T17:33:57.789Z] CLI Version:   13.30.0
[debug] [2025-02-09T17:33:57.789Z] Platform:      win32
[debug] [2025-02-09T17:33:57.789Z] Node Version:  v20.9.0
[debug] [2025-02-09T17:33:57.789Z] Time:          Sun Feb 09 2025 18:33:57 GMT+0100 (Mitteleuropäische Normalzeit)
[debug] [2025-02-09T17:33:57.789Z] ----------------------------------------------------------------------
[debug] 
[debug] [2025-02-09T17:33:57.898Z] > command requires scopes: ["email","openid","https://www.googleapis.com/auth/cloudplatformprojects.readonly","https://www.googleapis.com/auth/firebase","https://www.googleapis.com/auth/cloud-platform"]
[debug] [2025-02-09T17:33:57.899Z] > authorizing via signed-in user (alexreipr@gmail.com)
[debug] [2025-02-09T17:33:57.899Z] [iam] checking project fsr-bingo for permissions ["firebase.projects.get","firebasehosting.sites.update"]
[debug] [2025-02-09T17:33:57.900Z] Checked if tokens are valid: true, expires at: 1739123508165
[debug] [2025-02-09T17:33:57.900Z] Checked if tokens are valid: true, expires at: 1739123508165
[debug] [2025-02-09T17:33:57.901Z] >>> [apiv2][query] POST https://cloudresourcemanager.googleapis.com/v1/projects/fsr-bingo:testIamPermissions [none]
[debug] [2025-02-09T17:33:57.901Z] >>> [apiv2][(partial)header] POST https://cloudresourcemanager.googleapis.com/v1/projects/fsr-bingo:testIamPermissions x-goog-quota-user=projects/fsr-bingo
[debug] [2025-02-09T17:33:57.901Z] >>> [apiv2][body] POST https://cloudresourcemanager.googleapis.com/v1/projects/fsr-bingo:testIamPermissions {"permissions":["firebase.projects.get","firebasehosting.sites.update"]}
[debug] [2025-02-09T17:33:58.699Z] <<< [apiv2][status] POST https://cloudresourcemanager.googleapis.com/v1/projects/fsr-bingo:testIamPermissions 200
[debug] [2025-02-09T17:33:58.700Z] <<< [apiv2][body] POST https://cloudresourcemanager.googleapis.com/v1/projects/fsr-bingo:testIamPermissions {"permissions":["firebase.projects.get","firebasehosting.sites.update"]}
[debug] [2025-02-09T17:33:58.700Z] Checked if tokens are valid: true, expires at: 1739123508165
[debug] [2025-02-09T17:33:58.700Z] Checked if tokens are valid: true, expires at: 1739123508165
[debug] [2025-02-09T17:33:58.701Z] >>> [apiv2][query] GET https://firebase.googleapis.com/v1beta1/projects/fsr-bingo [none]
[debug] [2025-02-09T17:33:59.064Z] <<< [apiv2][status] GET https://firebase.googleapis.com/v1beta1/projects/fsr-bingo 200
[debug] [2025-02-09T17:33:59.064Z] <<< [apiv2][body] GET https://firebase.googleapis.com/v1beta1/projects/fsr-bingo {"projectId":"fsr-bingo","projectNumber":"983238781700","displayName":"fsr-bingo","name":"projects/fsr-bingo","resources":{"hostingSite":"fsr-bingo"},"state":"ACTIVE","etag":"1_d622d8e2-a5c8-4176-b3f9-c3699b4e08f3"}
[info] 
[info] === Deploying to 'fsr-bingo'...
[info] 
[info] i  deploying hosting 
[info] Running command: npx webpack
[info] +  hosting: Finished running predeploy script. 
[debug] [2025-02-09T17:34:03.550Z] Checked if tokens are valid: true, expires at: 1739123508165
[debug] [2025-02-09T17:34:03.550Z] Checked if tokens are valid: true, expires at: 1739123508165
[debug] [2025-02-09T17:34:03.550Z] >>> [apiv2][query] POST https://firebasehosting.googleapis.com/v1beta1/projects/-/sites/fsr-bingo/versions [none]
[debug] [2025-02-09T17:34:03.551Z] >>> [apiv2][body] POST https://firebasehosting.googleapis.com/v1beta1/projects/-/sites/fsr-bingo/versions {"status":"CREATED","labels":{"deployment-tool":"cli-firebase"}}
[debug] [2025-02-09T17:34:05.248Z] <<< [apiv2][status] POST https://firebasehosting.googleapis.com/v1beta1/projects/-/sites/fsr-bingo/versions 200
[debug] [2025-02-09T17:34:05.248Z] <<< [apiv2][body] POST https://firebasehosting.googleapis.com/v1beta1/projects/-/sites/fsr-bingo/versions {"name":"projects/983238781700/sites/fsr-bingo/versions/23490fa1849b3823","status":"CREATED","config":{},"labels":{"deployment-tool":"cli-firebase"}}
[info] i  hosting[fsr-bingo]: beginning deploy... 
[info] i  hosting[fsr-bingo]: found 8 files in public 
[debug] [2025-02-09T17:34:05.255Z] [hosting] uploading with 200 concurrency
[debug] [2025-02-09T17:34:05.257Z] Checked if tokens are valid: true, expires at: 1739123508165
[debug] [2025-02-09T17:34:05.257Z] Checked if tokens are valid: true, expires at: 1739123508165
[debug] [2025-02-09T17:34:05.258Z] [hosting] hash cache [cHVibGlj] stored for 8 files
[debug] [2025-02-09T17:34:05.258Z] [hosting][hash queue][FINAL] {"max":1,"min":0,"avg":0,"active":0,"complete":8,"success":8,"errored":0,"retried":0,"total":8,"elapsed":2}
[debug] [2025-02-09T17:34:05.258Z] >>> [apiv2][query] POST https://firebasehosting.googleapis.com/v1beta1/projects/983238781700/sites/fsr-bingo/versions/23490fa1849b3823:populateFiles [none]
[debug] [2025-02-09T17:34:05.259Z] >>> [apiv2][body] POST https://firebasehosting.googleapis.com/v1beta1/projects/983238781700/sites/fsr-bingo/versions/23490fa1849b3823:populateFiles {"files":{"/submit.html":"3572a336f7112dba466b994c0d4658e96bab50c76ad41f14b29a3d214ff0e199","/index.html":"0e2495b0aa89d7d7a566a070c614231d79401ee1fd44b2ba7e657cad1df90519","/bundle.js.LICENSE.txt":"898d25599a4bfdd9fdc08b0b415ea98b88d6583dee449f9efa6d1fb2e8e8b505","/bundle.js":"7394d365195529e7f8a8f752abf2558715c8ee46ae8ecff64e355a61161ffe90","/bingo.html":"9ed9b3619aec5ed838b2a984695dcdcf5326e482c7d3f910a17cc687206a3c83","/404.html":"b342097c1356f70159a3af7147611868cf46fd4e3766d31062f50f33838e2dad","/style/home.css":"e99ff75fca353459b0304ec09499025db453f89e14a963545779910074053f29","/style/bingo.css":"35e5e0e684fba6a9990a69a4d5c3355ad1f5937bd53e0ce22645aac48adc8455"}}
[debug] [2025-02-09T17:34:05.737Z] <<< [apiv2][status] POST https://firebasehosting.googleapis.com/v1beta1/projects/983238781700/sites/fsr-bingo/versions/23490fa1849b3823:populateFiles 200
[debug] [2025-02-09T17:34:05.737Z] <<< [apiv2][body] POST https://firebasehosting.googleapis.com/v1beta1/projects/983238781700/sites/fsr-bingo/versions/23490fa1849b3823:populateFiles {"uploadUrl":"https://upload-firebasehosting.googleapis.com/upload/sites/fsr-bingo/versions/23490fa1849b3823/files"}
[debug] [2025-02-09T17:34:05.737Z] [hosting][populate queue][FINAL] {"max":480,"min":480,"avg":480,"active":0,"complete":1,"success":1,"errored":0,"retried":0,"total":1,"elapsed":480}
[debug] [2025-02-09T17:34:05.737Z] [hosting] uploads queued: 0
[debug] [2025-02-09T17:34:05.738Z] [hosting][upload queue][FINAL] {"max":0,"min":9999999999,"avg":0,"active":0,"complete":0,"success":0,"errored":0,"retried":0,"total":0,"elapsed":1739122445738}
[info] i  hosting: upload complete 
[info] +  hosting[fsr-bingo]: file upload complete 
[debug] [2025-02-09T17:34:05.738Z] [hosting] deploy completed after 489ms
[debug] [2025-02-09T17:34:05.738Z] [
  {
    "config": {
      "public": "public",
      "ignore": [
        "firebase.json",
        "**/.*",
        "**/node_modules/**"
      ],
      "predeploy": [
        "npx webpack"
      ],
      "site": "fsr-bingo"
    },
    "version": "projects/983238781700/sites/fsr-bingo/versions/23490fa1849b3823"
  }
]
[info] i  hosting[fsr-bingo]: finalizing version... 
[debug] [2025-02-09T17:34:05.739Z] Checked if tokens are valid: true, expires at: 1739123508165
[debug] [2025-02-09T17:34:05.739Z] Checked if tokens are valid: true, expires at: 1739123508165
[debug] [2025-02-09T17:34:05.740Z] >>> [apiv2][query] PATCH https://firebasehosting.googleapis.com/v1beta1/projects/-/sites/fsr-bingo/versions/23490fa1849b3823 updateMask=status%2Cconfig
[debug] [2025-02-09T17:34:05.740Z] >>> [apiv2][body] PATCH https://firebasehosting.googleapis.com/v1beta1/projects/-/sites/fsr-bingo/versions/23490fa1849b3823 {"status":"FINALIZED","config":{}}
[debug] [2025-02-09T17:34:06.351Z] <<< [apiv2][status] PATCH https://firebasehosting.googleapis.com/v1beta1/projects/-/sites/fsr-bingo/versions/23490fa1849b3823 200
[debug] [2025-02-09T17:34:06.352Z] <<< [apiv2][body] PATCH https://firebasehosting.googleapis.com/v1beta1/projects/-/sites/fsr-bingo/versions/23490fa1849b3823 {"name":"projects/983238781700/sites/fsr-bingo/versions/23490fa1849b3823","status":"FINALIZED","config":{},"labels":{"deployment-tool":"cli-firebase"},"createTime":"2025-02-09T17:34:04.766362Z","createUser":{"email":"alexreipr@gmail.com"},"finalizeTime":"2025-02-09T17:34:06.490273Z","finalizeUser":{"email":"alexreipr@gmail.com"}}
[debug] [2025-02-09T17:34:06.352Z] [hosting] finalized version for fsr-bingo:[object Object]
[info] +  hosting[fsr-bingo]: version finalized 
[info] i  hosting[fsr-bingo]: releasing new version... 
[debug] [2025-02-09T17:34:06.352Z] Checked if tokens are valid: true, expires at: 1739123508165
[debug] [2025-02-09T17:34:06.352Z] Checked if tokens are valid: true, expires at: 1739123508165
[debug] [2025-02-09T17:34:06.352Z] >>> [apiv2][query] POST https://firebasehosting.googleapis.com/v1beta1/projects/-/sites/fsr-bingo/channels/live/releases versionName=projects%2F983238781700%2Fsites%2Ffsr-bingo%2Fversions%2F23490fa1849b3823
[debug] [2025-02-09T17:34:06.353Z] >>> [apiv2][body] POST https://firebasehosting.googleapis.com/v1beta1/projects/-/sites/fsr-bingo/channels/live/releases {}
[debug] [2025-02-09T17:34:06.989Z] <<< [apiv2][status] POST https://firebasehosting.googleapis.com/v1beta1/projects/-/sites/fsr-bingo/channels/live/releases 200
